<?xml version="1.0" encoding="UTF-8"?>
<!-- Generated by org.testng.reporters.JUnitReportReporter -->
<testsuite hostname="LAPTOP-T3DPVFG1" failures="0" tests="1" name="Maven_Demo.ReadCSVFile" time="0.004" errors="0" timestamp="2021-11-04T17:07:44 IST" skipped="0">
  <testcase classname="Maven_Demo.ReadCSVFile" name="f" time="0.004"/>
  <system-out/>
</testsuite> <!-- Maven_Demo.ReadCSVFile -->
