<?xml version="1.0" encoding="UTF-8"?>
<!-- Generated by org.testng.reporters.JUnitReportReporter -->
<testsuite hostname="LAPTOP-T3DPVFG1" failures="0" tests="1" name="Maven_Demo.TestRunner" time="2.514" errors="0" timestamp="2021-11-03T17:09:16 IST" skipped="0">
  <testcase classname="Maven_Demo.TestRunner" name="f" time="2.514"/>
  <system-out/>
</testsuite> <!-- Maven_Demo.TestRunner -->
