<?xml version="1.0" encoding="UTF-8"?>
<!-- Generated by org.testng.reporters.JUnitReportReporter -->
<testsuite hostname="LAPTOP-T3DPVFG1" failures="0" tests="1" name="Maven_Demo.Firstscript" time="1.227" errors="0" timestamp="2021-11-03T15:18:15 IST" skipped="0">
  <testcase classname="Maven_Demo.Firstscript" name="f" time="1.227"/>
  <system-out/>
</testsuite> <!-- Maven_Demo.Firstscript -->
